0 info it worked if it ends with ok
1 verbose cli [ 'C:\\Program Files\\nodejs\\\\node.exe',
1 verbose cli   'C:\\Program Files\\nodejs\\node_modules\\npm\\bin\\npm-cli.js',
1 verbose cli   'run',
1 verbose cli   'dev' ]
2 info using npm@1.4.3
3 info using node@v0.10.26
4 verbose node symlink C:\Program Files\nodejs\\node.exe
5 verbose run-script [ 'predev', 'dev', 'postdev' ]
6 info predev jekyll-text-theme@1.1.0
7 info dev jekyll-text-theme@1.1.0
8 verbose unsafe-perm in lifecycle true
9 info jekyll-text-theme@1.1.0 Failed to exec dev script
10 error jekyll-text-theme@1.1.0 dev: `(npm run build &) && npm run serve`
10 error Exit status 1
11 error Failed at the jekyll-text-theme@1.1.0 dev script.
11 error This is most likely a problem with the jekyll-text-theme package,
11 error not with npm itself.
11 error Tell the author that this fails on your system:
11 error     (npm run build &) && npm run serve
11 error You can get their info via:
11 error     npm owner ls jekyll-text-theme
11 error There is likely additional logging output above.
12 error System Windows_NT 6.1.7601
13 error command "C:\\Program Files\\nodejs\\\\node.exe" "C:\\Program Files\\nodejs\\node_modules\\npm\\bin\\npm-cli.js" "run" "dev"
14 error cwd C:\Users\Administrator\Desktop\dd
15 error node -v v0.10.26
16 error npm -v 1.4.3
17 error code ELIFECYCLE
18 verbose exit [ 1, true ]
